<?xml version="1.0" encoding="UTF-8"?>
<!-- Generated by org.testng.reporters.JUnitReportReporter -->
<testsuite hostname="Prasath17" failures="0" tests="3" name="com.ecommerce.testcases.TC_003_JsonTest" time="70.505" errors="0" timestamp="2023-06-08T10:35:18 IST" skipped="0">
  <testcase classname="com.ecommerce.testcases.TC_003_JsonTest" name="submitOrder" time="32.418"/>
  <system-out/>
  <testcase classname="com.ecommerce.testcases.TC_003_JsonTest" name="submitOrder" time="28.929"/>
  <system-out/>
  <testcase classname="com.ecommerce.testcases.TC_003_JsonTest" name="orderHistoryTest" time="9.158"/>
  <system-out/>
</testsuite> <!-- com.ecommerce.testcases.TC_003_JsonTest -->
