<?xml version="1.0" encoding="UTF-8"?>
<!-- Generated by org.testng.reporters.JUnitReportReporter -->
<testsuite hostname="Prasath17" failures="0" tests="1" name="com.ebanking.testcases.TC_LoginPage_001" time="5.173" errors="0" timestamp="2023-06-05T22:42:29 IST" skipped="0">
  <testcase classname="com.ebanking.testcases.TC_LoginPage_001" name="TestLogin" time="5.173"/>
  <system-out/>
</testsuite> <!-- com.ebanking.testcases.TC_LoginPage_001 -->
