<?xml version="1.0" encoding="UTF-8"?>
<!-- Generated by org.testng.reporters.JUnitReportReporter -->
<testsuite hostname="Prasath17" failures="0" tests="2" name="com.ecommerce.testcases.TC_LoginTest_001" time="16.865" errors="0" timestamp="2023-06-06T16:10:42 IST" skipped="0">
  <testcase classname="com.ecommerce.testcases.TC_LoginTest_001" name="loginValidation" time="8.996"/>
  <system-out/>
  <testcase classname="com.ecommerce.testcases.TC_LoginTest_001" name="loginErrorValidate" time="7.869"/>
  <system-out/>
</testsuite> <!-- com.ecommerce.testcases.TC_LoginTest_001 -->
