<?xml version="1.0" encoding="UTF-8"?>
<!-- Generated by org.testng.reporters.JUnitReportReporter -->
<testsuite hostname="Prasath17" failures="0" tests="2" name="com.ecommerce.runnerclass.Runner" time="4.145" errors="2" timestamp="2023-06-07T10:02:53 IST" skipped="0">
  <testcase classname="com.ecommerce.runnerclass.Runner" name="runScenario" time="1.176">
    <error message="Cannot invoke &quot;com.ecommerce.pageobjects.LandingPage.goTo()&quot; because &quot;this.landingPage&quot; is null" type="java.lang.NullPointerException">
      <![CDATA[java.lang.NullPointerException: Cannot invoke "com.ecommerce.pageobjects.LandingPage.goTo()" because "this.landingPage" is null
at com.ecommerce.stepdefinitions.Stepdefinition_implement.user_lands_the_url(Stepdefinition_implement.java:25)
at ✽.user lands the url "https://rahulshettyacademy.com/client"(file:src/test/resources/featurefiles/Login.feature:9)
]]>
    </error>
  </testcase> <!-- runScenario -->
  <system-out/>
  <testcase classname="com.ecommerce.runnerclass.Runner" name="runScenario" time="2.969">
    <error message="Cannot invoke &quot;com.ecommerce.pageobjects.LandingPage.goTo()&quot; because &quot;this.landingPage&quot; is null" type="java.lang.NullPointerException">
      <![CDATA[java.lang.NullPointerException: Cannot invoke "com.ecommerce.pageobjects.LandingPage.goTo()" because "this.landingPage" is null
at com.ecommerce.stepdefinitions.Stepdefinition_implement.user_lands_the_url(Stepdefinition_implement.java:25)
at ✽.user lands the url "https://rahulshettyacademy.com/client"(file:src/test/resources/featurefiles/Login.feature:9)
]]>
    </error>
  </testcase> <!-- runScenario -->
  <system-out/>
</testsuite> <!-- com.ecommerce.runnerclass.Runner -->
