<?xml version="1.0" encoding="UTF-8"?>
<!-- Generated by org.testng.reporters.JUnitReportReporter -->
<testsuite hostname="Prasath17" failures="0" tests="2" name="com.ecommerce.testcases.TC_002_ExcelTest" time="11.720" errors="0" timestamp="2023-06-08T10:17:03 IST" skipped="0">
  <testcase classname="com.ecommerce.testcases.TC_002_ExcelTest" name="LoginErrorValidation" time="6.890"/>
  <system-out/>
  <testcase classname="com.ecommerce.testcases.TC_002_ExcelTest" name="LoginErrorValidation" time="4.830"/>
  <system-out/>
</testsuite> <!-- com.ecommerce.testcases.TC_002_ExcelTest -->
