<?xml version="1.0" encoding="UTF-8"?>
<!-- Generated by org.testng.reporters.JUnitReportReporter -->
<testsuite hostname="Prasath17" failures="0" tests="2" name="com.ecommerce.testcases.TC_001_LoginTest" time="9.786" errors="0" timestamp="2023-06-08T10:17:03 IST" skipped="0">
  <testcase classname="com.ecommerce.testcases.TC_001_LoginTest" name="loginValidation" time="4.661"/>
  <system-out/>
  <testcase classname="com.ecommerce.testcases.TC_001_LoginTest" name="loginErrorValidate" time="5.125"/>
  <system-out/>
</testsuite> <!-- com.ecommerce.testcases.TC_001_LoginTest -->
