<?xml version="1.0" encoding="UTF-8"?>
<!-- Generated by org.testng.reporters.JUnitReportReporter -->
<testsuite hostname="Prasath17" failures="0" tests="3" name="com.ecommerce.testcases.TC_003_JsonTest" time="54.875" errors="0" timestamp="2023-06-08T10:17:03 IST" skipped="0">
  <testcase classname="com.ecommerce.testcases.TC_003_JsonTest" name="submitOrder" time="24.538"/>
  <system-out/>
  <testcase classname="com.ecommerce.testcases.TC_003_JsonTest" name="submitOrder" time="25.091"/>
  <system-out/>
  <testcase classname="com.ecommerce.testcases.TC_003_JsonTest" name="orderHistoryTest" time="5.246"/>
  <system-out/>
</testsuite> <!-- com.ecommerce.testcases.TC_003_JsonTest -->
